2024-11-04 12:18:52,006 - utils.FileLoader.FileLogger - INFO - log_message - Initializing the data dictionary.
2024-11-04 12:19:05,949 - utils.FileLoader.FileLogger - INFO - log_message - Reading file or directory M:\00_Hysteresen\2023_0325\2023_0325_1_bFC_2D-ScanV1_V-MOKE_2024-11-01_09-45-29_2024-11-01_09-45-29\2023_0325_1_bFC_V-MOKE_2024-11-01_09-46-44_1.0_90.0.txt with data format MOKE
2024-11-04 12:19:05,949 - utils.FileLoader.FileLogger - DEBUG - log_message - M:\00_Hysteresen\2023_0325\2023_0325_1_bFC_2D-ScanV1_V-MOKE_2024-11-01_09-45-29_2024-11-01_09-45-29\2023_0325_1_bFC_V-MOKE_2024-11-01_09-46-44_1.0_90.0.txt seems to be a file. Reading the file.
2024-11-04 12:19:05,962 - utils.FileLoader.FileLogger - DEBUG - log_message - Getting metadata for M:\00_Hysteresen\2023_0325\2023_0325_1_bFC_2D-ScanV1_V-MOKE_2024-11-01_09-45-29_2024-11-01_09-45-29\2023_0325_1_bFC_V-MOKE_2024-11-01_09-46-44_1.0_90.0.txt with data format MOKE.
2024-11-04 12:19:05,965 - utils.FileLoader.FileLogger - DEBUG - log_message - Metadata for M:\00_Hysteresen\2023_0325\2023_0325_1_bFC_2D-ScanV1_V-MOKE_2024-11-01_09-45-29_2024-11-01_09-45-29\2023_0325_1_bFC_V-MOKE_2024-11-01_09-46-44_1.0_90.0.txt successfully read.
2024-11-04 12:19:05,965 - utils.FileLoader.FileLogger - DEBUG - log_message - Getting data from M:\00_Hysteresen\2023_0325\2023_0325_1_bFC_2D-ScanV1_V-MOKE_2024-11-01_09-45-29_2024-11-01_09-45-29\2023_0325_1_bFC_V-MOKE_2024-11-01_09-46-44_1.0_90.0.txt with data format MOKE.
2024-11-04 12:19:05,965 - utils.FileLoader.FileLogger - DEBUG - log_message - Reading MOKE data from M:\00_Hysteresen\2023_0325\2023_0325_1_bFC_2D-ScanV1_V-MOKE_2024-11-01_09-45-29_2024-11-01_09-45-29\2023_0325_1_bFC_V-MOKE_2024-11-01_09-46-44_1.0_90.0.txt.
2024-11-04 12:19:05,965 - utils.FileLoader.FileLogger - ERROR - log_message - Line number None is out of range for file M:\00_Hysteresen\2023_0325\2023_0325_1_bFC_2D-ScanV1_V-MOKE_2024-11-01_09-45-29_2024-11-01_09-45-29\2023_0325_1_bFC_V-MOKE_2024-11-01_09-46-44_1.0_90.0.txt.
2024-11-04 13:59:41,789 - utils.FileLoader.FileLogger - INFO - log_message - Initializing the data dictionary.
2024-11-04 13:59:50,168 - utils.FileLoader.FileLogger - INFO - log_message - Reading file or directory M:\00_Hysteresen\2023_0325\2023_0325_1_bFC_2D-ScanV1_V-MOKE_2024-11-01_09-45-29_2024-11-01_09-45-29\2023_0325_1_bFC_V-MOKE_2024-11-01_09-47-12_2.0_90.0.txt with data format MOKE
2024-11-04 13:59:50,168 - utils.FileLoader.FileLogger - DEBUG - log_message - M:\00_Hysteresen\2023_0325\2023_0325_1_bFC_2D-ScanV1_V-MOKE_2024-11-01_09-45-29_2024-11-01_09-45-29\2023_0325_1_bFC_V-MOKE_2024-11-01_09-47-12_2.0_90.0.txt seems to be a file. Reading the file.
2024-11-04 13:59:50,168 - utils.FileLoader.FileLogger - DEBUG - log_message - Getting metadata for M:\00_Hysteresen\2023_0325\2023_0325_1_bFC_2D-ScanV1_V-MOKE_2024-11-01_09-45-29_2024-11-01_09-45-29\2023_0325_1_bFC_V-MOKE_2024-11-01_09-47-12_2.0_90.0.txt with data format MOKE.
2024-11-04 13:59:50,184 - utils.FileLoader.FileLogger - DEBUG - log_message - Metadata for M:\00_Hysteresen\2023_0325\2023_0325_1_bFC_2D-ScanV1_V-MOKE_2024-11-01_09-45-29_2024-11-01_09-45-29\2023_0325_1_bFC_V-MOKE_2024-11-01_09-47-12_2.0_90.0.txt successfully read.
2024-11-04 13:59:50,184 - utils.FileLoader.FileLogger - DEBUG - log_message - Getting data from M:\00_Hysteresen\2023_0325\2023_0325_1_bFC_2D-ScanV1_V-MOKE_2024-11-01_09-45-29_2024-11-01_09-45-29\2023_0325_1_bFC_V-MOKE_2024-11-01_09-47-12_2.0_90.0.txt with data format MOKE.
2024-11-04 13:59:50,184 - utils.FileLoader.FileLogger - DEBUG - log_message - Reading MOKE data from M:\00_Hysteresen\2023_0325\2023_0325_1_bFC_2D-ScanV1_V-MOKE_2024-11-01_09-45-29_2024-11-01_09-45-29\2023_0325_1_bFC_V-MOKE_2024-11-01_09-47-12_2.0_90.0.txt.
2024-11-04 13:59:50,184 - utils.FileLoader.FileLogger - ERROR - log_message - Line number None is out of range for file M:\00_Hysteresen\2023_0325\2023_0325_1_bFC_2D-ScanV1_V-MOKE_2024-11-01_09-45-29_2024-11-01_09-45-29\2023_0325_1_bFC_V-MOKE_2024-11-01_09-47-12_2.0_90.0.txt.
2024-11-04 14:01:50,188 - utils.FileLoader.FileLogger - INFO - log_message - Initializing the data dictionary.
2024-11-04 14:01:57,011 - utils.FileLoader.FileLogger - INFO - log_message - Reading file or directory M:\00_Hysteresen\2023_0325\2023_0325_1_bFC_2D-ScanV1_V-MOKE_2024-11-01_09-45-29_2024-11-01_09-45-29\2023_0325_1_bFC_V-MOKE_2024-11-01_09-47-12_2.0_90.0.txt with data format MOKE
2024-11-04 14:01:57,011 - utils.FileLoader.FileLogger - DEBUG - log_message - M:\00_Hysteresen\2023_0325\2023_0325_1_bFC_2D-ScanV1_V-MOKE_2024-11-01_09-45-29_2024-11-01_09-45-29\2023_0325_1_bFC_V-MOKE_2024-11-01_09-47-12_2.0_90.0.txt seems to be a file. Reading the file.
2024-11-04 14:01:57,011 - utils.FileLoader.FileLogger - DEBUG - log_message - Getting metadata for M:\00_Hysteresen\2023_0325\2023_0325_1_bFC_2D-ScanV1_V-MOKE_2024-11-01_09-45-29_2024-11-01_09-45-29\2023_0325_1_bFC_V-MOKE_2024-11-01_09-47-12_2.0_90.0.txt with data format MOKE.
2024-11-04 14:01:57,027 - utils.FileLoader.FileLogger - DEBUG - log_message - Metadata for M:\00_Hysteresen\2023_0325\2023_0325_1_bFC_2D-ScanV1_V-MOKE_2024-11-01_09-45-29_2024-11-01_09-45-29\2023_0325_1_bFC_V-MOKE_2024-11-01_09-47-12_2.0_90.0.txt successfully read.
2024-11-04 14:01:57,027 - utils.FileLoader.FileLogger - DEBUG - log_message - Getting data from M:\00_Hysteresen\2023_0325\2023_0325_1_bFC_2D-ScanV1_V-MOKE_2024-11-01_09-45-29_2024-11-01_09-45-29\2023_0325_1_bFC_V-MOKE_2024-11-01_09-47-12_2.0_90.0.txt with data format MOKE.
2024-11-04 14:01:57,027 - utils.FileLoader.FileLogger - DEBUG - log_message - Reading MOKE data from M:\00_Hysteresen\2023_0325\2023_0325_1_bFC_2D-ScanV1_V-MOKE_2024-11-01_09-45-29_2024-11-01_09-45-29\2023_0325_1_bFC_V-MOKE_2024-11-01_09-47-12_2.0_90.0.txt.
2024-11-04 14:01:57,027 - utils.FileLoader.FileLogger - ERROR - log_message - Line number None is out of range for file M:\00_Hysteresen\2023_0325\2023_0325_1_bFC_2D-ScanV1_V-MOKE_2024-11-01_09-45-29_2024-11-01_09-45-29\2023_0325_1_bFC_V-MOKE_2024-11-01_09-47-12_2.0_90.0.txt.
2024-11-04 14:04:24,591 - utils.FileLoader.FileLogger - INFO - log_message - Initializing the data dictionary.
2024-11-04 14:04:31,093 - utils.FileLoader.FileLogger - INFO - log_message - Reading file or directory M:\00_Hysteresen\2023_0325\2023_0325_1_bFC_2D-ScanV1_V-MOKE_2024-11-01_09-45-29_2024-11-01_09-45-29\2023_0325_1_bFC_V-MOKE_2024-11-01_09-47-12_2.0_90.0.txt with data format MOKE
2024-11-04 14:04:31,093 - utils.FileLoader.FileLogger - DEBUG - log_message - M:\00_Hysteresen\2023_0325\2023_0325_1_bFC_2D-ScanV1_V-MOKE_2024-11-01_09-45-29_2024-11-01_09-45-29\2023_0325_1_bFC_V-MOKE_2024-11-01_09-47-12_2.0_90.0.txt seems to be a file. Reading the file.
2024-11-04 14:04:31,093 - utils.FileLoader.FileLogger - DEBUG - log_message - Getting metadata for M:\00_Hysteresen\2023_0325\2023_0325_1_bFC_2D-ScanV1_V-MOKE_2024-11-01_09-45-29_2024-11-01_09-45-29\2023_0325_1_bFC_V-MOKE_2024-11-01_09-47-12_2.0_90.0.txt with data format MOKE.
2024-11-04 14:04:31,659 - utils.FileLoader.FileLogger - DEBUG - log_message - Metadata for M:\00_Hysteresen\2023_0325\2023_0325_1_bFC_2D-ScanV1_V-MOKE_2024-11-01_09-45-29_2024-11-01_09-45-29\2023_0325_1_bFC_V-MOKE_2024-11-01_09-47-12_2.0_90.0.txt successfully read.
2024-11-04 14:04:31,675 - utils.FileLoader.FileLogger - DEBUG - log_message - Getting data from M:\00_Hysteresen\2023_0325\2023_0325_1_bFC_2D-ScanV1_V-MOKE_2024-11-01_09-45-29_2024-11-01_09-45-29\2023_0325_1_bFC_V-MOKE_2024-11-01_09-47-12_2.0_90.0.txt with data format MOKE.
2024-11-04 14:04:31,676 - utils.FileLoader.FileLogger - DEBUG - log_message - Reading MOKE data from M:\00_Hysteresen\2023_0325\2023_0325_1_bFC_2D-ScanV1_V-MOKE_2024-11-01_09-45-29_2024-11-01_09-45-29\2023_0325_1_bFC_V-MOKE_2024-11-01_09-47-12_2.0_90.0.txt.
2024-11-04 14:04:31,779 - utils.FileLoader.FileLogger - DEBUG - log_message - Initializing the data object.
2024-11-04 14:04:31,779 - utils.FileLoader.FileLogger - INFO - log_message - Adding dataset with id 0 to the data dictionary.
2024-11-04 14:04:31,779 - utils.FileLoader.FileLogger - DEBUG - log_message - Data successfully read from M:\00_Hysteresen\2023_0325\2023_0325_1_bFC_2D-ScanV1_V-MOKE_2024-11-01_09-45-29_2024-11-01_09-45-29\2023_0325_1_bFC_V-MOKE_2024-11-01_09-47-12_2.0_90.0.txt
2024-11-04 14:09:01,960 - utils.FileLoader.FileLogger - INFO - log_message - Initializing the data dictionary.
