2024-10-12 12:14:23,401 - FileLoader.FileLogger - INFO - log_message - Initializing the data dictionary.
2024-10-12 12:30:46,369 - FileLoader.FileLogger - INFO - log_message - Initializing the data dictionary.
2024-10-12 12:32:56,980 - FileLoader.FileLogger - INFO - log_message - Initializing the data dictionary.
2024-10-12 12:33:05,101 - FileLoader.FileLogger - INFO - log_message - Initializing the data dictionary.
2024-10-12 12:33:52,086 - FileLoader.FileLogger - INFO - log_message - Initializing the data dictionary.
2024-10-12 12:34:45,465 - FileLoader.FileLogger - INFO - log_message - Initializing the data dictionary.
2024-10-12 12:37:08,247 - FileLoader.FileLogger - INFO - log_message - Initializing the data dictionary.
2024-10-12 12:38:33,767 - FileLoader.FileLogger - INFO - log_message - Initializing the data dictionary.
2024-10-12 12:45:14,787 - FileLoader.FileLogger - INFO - log_message - Initializing the data dictionary.
2024-10-12 12:46:46,234 - FileLoader.FileLogger - INFO - log_message - Initializing the data dictionary.
2024-10-12 12:51:32,076 - FileLoader.FileLogger - INFO - log_message - Initializing the data dictionary.
2024-10-12 12:55:14,385 - FileLoader.FileLogger - INFO - log_message - Initializing the data dictionary.
2024-10-12 13:01:52,741 - FileLoader.FileLogger - INFO - log_message - Initializing the data dictionary.
2024-10-12 13:02:26,001 - FileLoader.FileLogger - INFO - log_message - Initializing the data dictionary.
2024-10-12 13:04:57,509 - FileLoader.FileLogger - INFO - log_message - Initializing the data dictionary.
2024-10-12 13:05:36,408 - FileLoader.FileLogger - INFO - log_message - Initializing the data dictionary.
2024-10-12 13:06:40,237 - FileLoader.FileLogger - INFO - log_message - Initializing the data dictionary.
2024-10-12 13:08:10,644 - FileLoader.FileLogger - INFO - log_message - Initializing the data dictionary.
2024-10-12 13:18:11,017 - FileLoader.FileLogger - INFO - log_message - Initializing the data dictionary.
2024-10-12 13:19:35,706 - FileLoader.FileLogger - INFO - log_message - Initializing the data dictionary.
2024-10-12 13:22:06,356 - FileLoader.FileLogger - INFO - log_message - Initializing the data dictionary.
2024-10-12 13:36:25,784 - FileLoader.FileLogger - INFO - log_message - Initializing the data dictionary.
2024-10-12 13:41:59,288 - FileLoader.FileLogger - INFO - log_message - Initializing the data dictionary.
2024-10-12 13:44:45,393 - FileLoader.FileLogger - INFO - log_message - Initializing the data dictionary.
2024-10-12 13:47:03,892 - FileLoader.FileLogger - INFO - log_message - Initializing the data dictionary.
2024-10-12 13:47:33,943 - FileLoader.FileLogger - INFO - log_message - Initializing the data dictionary.
2024-10-12 13:50:26,485 - FileLoader.FileLogger - INFO - log_message - Initializing the data dictionary.
2024-10-12 13:51:11,758 - FileLoader.FileLogger - INFO - log_message - Initializing the data dictionary.
2024-10-12 13:51:37,096 - FileLoader.FileLogger - INFO - log_message - Initializing the data dictionary.
2024-10-12 13:53:11,044 - FileLoader.FileLogger - INFO - log_message - Reading file or directory C:\Users\arnev\Desktop\Evaluix2\VersionBeforeGithub\ExampleData\2024_0177_1_LMOKE_2024-08-09_13-53-45.txt with data format MOKE
2024-10-12 13:53:11,045 - FileLoader.FileLogger - DEBUG - log_message - C:\Users\arnev\Desktop\Evaluix2\VersionBeforeGithub\ExampleData\2024_0177_1_LMOKE_2024-08-09_13-53-45.txt seems to be a file. Reading the file.
2024-10-12 13:53:11,045 - FileLoader.FileLogger - DEBUG - log_message - Getting metadata for C:\Users\arnev\Desktop\Evaluix2\VersionBeforeGithub\ExampleData\2024_0177_1_LMOKE_2024-08-09_13-53-45.txt with data format MOKE.
2024-10-12 13:53:11,046 - FileLoader.FileLogger - DEBUG - log_message - Metadata for C:\Users\arnev\Desktop\Evaluix2\VersionBeforeGithub\ExampleData\2024_0177_1_LMOKE_2024-08-09_13-53-45.txt successfully read.
2024-10-12 13:53:11,046 - FileLoader.FileLogger - DEBUG - log_message - Getting data from C:\Users\arnev\Desktop\Evaluix2\VersionBeforeGithub\ExampleData\2024_0177_1_LMOKE_2024-08-09_13-53-45.txt with data format MOKE.
2024-10-12 13:53:11,046 - FileLoader.FileLogger - DEBUG - log_message - Reading MOKE data from C:\Users\arnev\Desktop\Evaluix2\VersionBeforeGithub\ExampleData\2024_0177_1_LMOKE_2024-08-09_13-53-45.txt.
2024-10-12 13:53:11,054 - FileLoader.FileLogger - DEBUG - log_message - Initializing the data object.
2024-10-12 13:53:11,054 - FileLoader.FileLogger - INFO - log_message - Adding dataset with id 0 to the data dictionary.
2024-10-12 13:53:11,054 - FileLoader.FileLogger - DEBUG - log_message - Data successfully read from C:\Users\arnev\Desktop\Evaluix2\VersionBeforeGithub\ExampleData\2024_0177_1_LMOKE_2024-08-09_13-53-45.txt
2024-10-12 14:00:08,962 - FileLoader.FileLogger - INFO - log_message - Initializing the data dictionary.
2024-10-12 14:00:17,857 - FileLoader.FileLogger - INFO - log_message - Reading file or directory C:\Users\arnev\Desktop\Evaluix2\VersionBeforeGithub\ExampleData\2024_0177_1_LMOKE_2024-08-09_13-53-45.txt with data format MOKE
2024-10-12 14:00:17,857 - FileLoader.FileLogger - DEBUG - log_message - C:\Users\arnev\Desktop\Evaluix2\VersionBeforeGithub\ExampleData\2024_0177_1_LMOKE_2024-08-09_13-53-45.txt seems to be a file. Reading the file.
2024-10-12 14:00:17,857 - FileLoader.FileLogger - DEBUG - log_message - Getting metadata for C:\Users\arnev\Desktop\Evaluix2\VersionBeforeGithub\ExampleData\2024_0177_1_LMOKE_2024-08-09_13-53-45.txt with data format MOKE.
2024-10-12 14:00:17,857 - FileLoader.FileLogger - DEBUG - log_message - Metadata for C:\Users\arnev\Desktop\Evaluix2\VersionBeforeGithub\ExampleData\2024_0177_1_LMOKE_2024-08-09_13-53-45.txt successfully read.
2024-10-12 14:00:17,857 - FileLoader.FileLogger - DEBUG - log_message - Getting data from C:\Users\arnev\Desktop\Evaluix2\VersionBeforeGithub\ExampleData\2024_0177_1_LMOKE_2024-08-09_13-53-45.txt with data format MOKE.
2024-10-12 14:00:17,857 - FileLoader.FileLogger - DEBUG - log_message - Reading MOKE data from C:\Users\arnev\Desktop\Evaluix2\VersionBeforeGithub\ExampleData\2024_0177_1_LMOKE_2024-08-09_13-53-45.txt.
2024-10-12 14:00:17,862 - FileLoader.FileLogger - DEBUG - log_message - Initializing the data object.
2024-10-12 14:00:17,862 - FileLoader.FileLogger - INFO - log_message - Adding dataset with id 0 to the data dictionary.
2024-10-12 14:00:17,862 - FileLoader.FileLogger - DEBUG - log_message - Data successfully read from C:\Users\arnev\Desktop\Evaluix2\VersionBeforeGithub\ExampleData\2024_0177_1_LMOKE_2024-08-09_13-53-45.txt
2024-10-12 14:07:22,710 - FileLoader.FileLogger - INFO - log_message - Initializing the data dictionary.
2024-10-12 14:08:53,725 - FileLoader.FileLogger - INFO - log_message - Initializing the data dictionary.
2024-10-12 14:09:03,660 - FileLoader.FileLogger - INFO - log_message - Reading file or directory C:\Users\arnev\Desktop\Evaluix2\VersionBeforeGithub\ExampleData\2024_0177_1_LMOKE_2024-08-09_13-53-45.txt with data format MOKE
2024-10-12 14:09:03,660 - FileLoader.FileLogger - DEBUG - log_message - C:\Users\arnev\Desktop\Evaluix2\VersionBeforeGithub\ExampleData\2024_0177_1_LMOKE_2024-08-09_13-53-45.txt seems to be a file. Reading the file.
2024-10-12 14:09:03,660 - FileLoader.FileLogger - DEBUG - log_message - Getting metadata for C:\Users\arnev\Desktop\Evaluix2\VersionBeforeGithub\ExampleData\2024_0177_1_LMOKE_2024-08-09_13-53-45.txt with data format MOKE.
2024-10-12 14:09:03,660 - FileLoader.FileLogger - DEBUG - log_message - Metadata for C:\Users\arnev\Desktop\Evaluix2\VersionBeforeGithub\ExampleData\2024_0177_1_LMOKE_2024-08-09_13-53-45.txt successfully read.
2024-10-12 14:09:03,660 - FileLoader.FileLogger - DEBUG - log_message - Getting data from C:\Users\arnev\Desktop\Evaluix2\VersionBeforeGithub\ExampleData\2024_0177_1_LMOKE_2024-08-09_13-53-45.txt with data format MOKE.
2024-10-12 14:09:03,660 - FileLoader.FileLogger - DEBUG - log_message - Reading MOKE data from C:\Users\arnev\Desktop\Evaluix2\VersionBeforeGithub\ExampleData\2024_0177_1_LMOKE_2024-08-09_13-53-45.txt.
2024-10-12 14:09:03,660 - FileLoader.FileLogger - DEBUG - log_message - Initializing the data object.
2024-10-12 14:09:03,670 - FileLoader.FileLogger - INFO - log_message - Adding dataset with id 0 to the data dictionary.
2024-10-12 14:09:03,670 - FileLoader.FileLogger - DEBUG - log_message - Data successfully read from C:\Users\arnev\Desktop\Evaluix2\VersionBeforeGithub\ExampleData\2024_0177_1_LMOKE_2024-08-09_13-53-45.txt
2024-10-12 14:10:03,035 - FileLoader.FileLogger - INFO - log_message - Initializing the data dictionary.
2024-10-12 14:10:08,172 - FileLoader.FileLogger - INFO - log_message - Reading file or directory C:\Users\arnev\Desktop\Evaluix2\VersionBeforeGithub\ExampleData\2024_0177_1_LMOKE_2024-08-09_13-53-45.txt with data format MOKE
2024-10-12 14:10:08,172 - FileLoader.FileLogger - DEBUG - log_message - C:\Users\arnev\Desktop\Evaluix2\VersionBeforeGithub\ExampleData\2024_0177_1_LMOKE_2024-08-09_13-53-45.txt seems to be a file. Reading the file.
2024-10-12 14:10:08,172 - FileLoader.FileLogger - DEBUG - log_message - Getting metadata for C:\Users\arnev\Desktop\Evaluix2\VersionBeforeGithub\ExampleData\2024_0177_1_LMOKE_2024-08-09_13-53-45.txt with data format MOKE.
2024-10-12 14:10:08,172 - FileLoader.FileLogger - DEBUG - log_message - Metadata for C:\Users\arnev\Desktop\Evaluix2\VersionBeforeGithub\ExampleData\2024_0177_1_LMOKE_2024-08-09_13-53-45.txt successfully read.
2024-10-12 14:10:08,172 - FileLoader.FileLogger - DEBUG - log_message - Getting data from C:\Users\arnev\Desktop\Evaluix2\VersionBeforeGithub\ExampleData\2024_0177_1_LMOKE_2024-08-09_13-53-45.txt with data format MOKE.
2024-10-12 14:10:08,172 - FileLoader.FileLogger - DEBUG - log_message - Reading MOKE data from C:\Users\arnev\Desktop\Evaluix2\VersionBeforeGithub\ExampleData\2024_0177_1_LMOKE_2024-08-09_13-53-45.txt.
2024-10-12 14:10:08,172 - FileLoader.FileLogger - DEBUG - log_message - Initializing the data object.
2024-10-12 14:10:08,172 - FileLoader.FileLogger - INFO - log_message - Adding dataset with id 0 to the data dictionary.
2024-10-12 14:10:08,172 - FileLoader.FileLogger - DEBUG - log_message - Data successfully read from C:\Users\arnev\Desktop\Evaluix2\VersionBeforeGithub\ExampleData\2024_0177_1_LMOKE_2024-08-09_13-53-45.txt
2024-10-12 14:23:42,437 - FileLoader.FileLogger - INFO - log_message - Initializing the data dictionary.
2024-10-12 14:23:46,258 - FileLoader.FileLogger - INFO - log_message - Reading file or directory C:\Users\arnev\Desktop\Evaluix2\VersionBeforeGithub\ExampleData\2024_0177_1_LMOKE_2024-08-09_13-53-45.txt with data format MOKE
2024-10-12 14:23:46,259 - FileLoader.FileLogger - DEBUG - log_message - C:\Users\arnev\Desktop\Evaluix2\VersionBeforeGithub\ExampleData\2024_0177_1_LMOKE_2024-08-09_13-53-45.txt seems to be a file. Reading the file.
2024-10-12 14:23:46,259 - FileLoader.FileLogger - DEBUG - log_message - Getting metadata for C:\Users\arnev\Desktop\Evaluix2\VersionBeforeGithub\ExampleData\2024_0177_1_LMOKE_2024-08-09_13-53-45.txt with data format MOKE.
2024-10-12 14:23:46,259 - FileLoader.FileLogger - DEBUG - log_message - Metadata for C:\Users\arnev\Desktop\Evaluix2\VersionBeforeGithub\ExampleData\2024_0177_1_LMOKE_2024-08-09_13-53-45.txt successfully read.
2024-10-12 14:23:46,259 - FileLoader.FileLogger - DEBUG - log_message - Getting data from C:\Users\arnev\Desktop\Evaluix2\VersionBeforeGithub\ExampleData\2024_0177_1_LMOKE_2024-08-09_13-53-45.txt with data format MOKE.
2024-10-12 14:23:46,259 - FileLoader.FileLogger - DEBUG - log_message - Reading MOKE data from C:\Users\arnev\Desktop\Evaluix2\VersionBeforeGithub\ExampleData\2024_0177_1_LMOKE_2024-08-09_13-53-45.txt.
2024-10-12 14:23:46,259 - FileLoader.FileLogger - DEBUG - log_message - Initializing the data object.
2024-10-12 14:23:46,259 - FileLoader.FileLogger - INFO - log_message - Adding dataset with id 0 to the data dictionary.
2024-10-12 14:23:46,259 - FileLoader.FileLogger - DEBUG - log_message - Data successfully read from C:\Users\arnev\Desktop\Evaluix2\VersionBeforeGithub\ExampleData\2024_0177_1_LMOKE_2024-08-09_13-53-45.txt
2024-10-12 14:24:48,983 - FileLoader.FileLogger - INFO - log_message - Initializing the data dictionary.
2024-10-12 14:24:54,038 - FileLoader.FileLogger - INFO - log_message - Reading file or directory C:\Users\arnev\Desktop\Evaluix2\VersionBeforeGithub\ExampleData\2024_0177_1_LMOKE_2024-08-09_13-53-45.txt with data format MOKE
2024-10-12 14:24:54,038 - FileLoader.FileLogger - DEBUG - log_message - C:\Users\arnev\Desktop\Evaluix2\VersionBeforeGithub\ExampleData\2024_0177_1_LMOKE_2024-08-09_13-53-45.txt seems to be a file. Reading the file.
2024-10-12 14:24:54,038 - FileLoader.FileLogger - DEBUG - log_message - Getting metadata for C:\Users\arnev\Desktop\Evaluix2\VersionBeforeGithub\ExampleData\2024_0177_1_LMOKE_2024-08-09_13-53-45.txt with data format MOKE.
2024-10-12 14:24:54,038 - FileLoader.FileLogger - DEBUG - log_message - Metadata for C:\Users\arnev\Desktop\Evaluix2\VersionBeforeGithub\ExampleData\2024_0177_1_LMOKE_2024-08-09_13-53-45.txt successfully read.
2024-10-12 14:24:54,038 - FileLoader.FileLogger - DEBUG - log_message - Getting data from C:\Users\arnev\Desktop\Evaluix2\VersionBeforeGithub\ExampleData\2024_0177_1_LMOKE_2024-08-09_13-53-45.txt with data format MOKE.
2024-10-12 14:24:54,038 - FileLoader.FileLogger - DEBUG - log_message - Reading MOKE data from C:\Users\arnev\Desktop\Evaluix2\VersionBeforeGithub\ExampleData\2024_0177_1_LMOKE_2024-08-09_13-53-45.txt.
2024-10-12 14:24:54,045 - FileLoader.FileLogger - DEBUG - log_message - Initializing the data object.
2024-10-12 14:24:54,045 - FileLoader.FileLogger - INFO - log_message - Adding dataset with id 0 to the data dictionary.
2024-10-12 14:24:54,045 - FileLoader.FileLogger - DEBUG - log_message - Data successfully read from C:\Users\arnev\Desktop\Evaluix2\VersionBeforeGithub\ExampleData\2024_0177_1_LMOKE_2024-08-09_13-53-45.txt
2024-10-12 14:25:22,183 - FileLoader.FileLogger - INFO - log_message - Initializing the data dictionary.
2024-10-12 14:25:25,758 - FileLoader.FileLogger - INFO - log_message - Reading file or directory C:\Users\arnev\Desktop\Evaluix2\VersionBeforeGithub\ExampleData\2024_0177_1_LMOKE_2024-08-09_13-53-45.txt with data format MOKE
2024-10-12 14:25:25,758 - FileLoader.FileLogger - DEBUG - log_message - C:\Users\arnev\Desktop\Evaluix2\VersionBeforeGithub\ExampleData\2024_0177_1_LMOKE_2024-08-09_13-53-45.txt seems to be a file. Reading the file.
2024-10-12 14:25:25,758 - FileLoader.FileLogger - DEBUG - log_message - Getting metadata for C:\Users\arnev\Desktop\Evaluix2\VersionBeforeGithub\ExampleData\2024_0177_1_LMOKE_2024-08-09_13-53-45.txt with data format MOKE.
2024-10-12 14:25:25,758 - FileLoader.FileLogger - DEBUG - log_message - Metadata for C:\Users\arnev\Desktop\Evaluix2\VersionBeforeGithub\ExampleData\2024_0177_1_LMOKE_2024-08-09_13-53-45.txt successfully read.
2024-10-12 14:25:25,758 - FileLoader.FileLogger - DEBUG - log_message - Getting data from C:\Users\arnev\Desktop\Evaluix2\VersionBeforeGithub\ExampleData\2024_0177_1_LMOKE_2024-08-09_13-53-45.txt with data format MOKE.
2024-10-12 14:25:25,758 - FileLoader.FileLogger - DEBUG - log_message - Reading MOKE data from C:\Users\arnev\Desktop\Evaluix2\VersionBeforeGithub\ExampleData\2024_0177_1_LMOKE_2024-08-09_13-53-45.txt.
2024-10-12 14:25:25,763 - FileLoader.FileLogger - DEBUG - log_message - Initializing the data object.
2024-10-12 14:25:25,763 - FileLoader.FileLogger - INFO - log_message - Adding dataset with id 0 to the data dictionary.
2024-10-12 14:25:25,763 - FileLoader.FileLogger - DEBUG - log_message - Data successfully read from C:\Users\arnev\Desktop\Evaluix2\VersionBeforeGithub\ExampleData\2024_0177_1_LMOKE_2024-08-09_13-53-45.txt
2024-10-12 14:37:28,677 - FileLoader.FileLogger - INFO - log_message - Initializing the data dictionary.
2024-10-12 14:37:33,115 - FileLoader.FileLogger - INFO - log_message - Reading file or directory C:\Users\arnev\Desktop\Evaluix2\VersionBeforeGithub\ExampleData\2024_0177_1_LMOKE_2024-08-09_13-53-45.txt with data format MOKE
2024-10-12 14:37:33,115 - FileLoader.FileLogger - DEBUG - log_message - C:\Users\arnev\Desktop\Evaluix2\VersionBeforeGithub\ExampleData\2024_0177_1_LMOKE_2024-08-09_13-53-45.txt seems to be a file. Reading the file.
2024-10-12 14:37:33,115 - FileLoader.FileLogger - DEBUG - log_message - Getting metadata for C:\Users\arnev\Desktop\Evaluix2\VersionBeforeGithub\ExampleData\2024_0177_1_LMOKE_2024-08-09_13-53-45.txt with data format MOKE.
2024-10-12 14:37:33,115 - FileLoader.FileLogger - DEBUG - log_message - Metadata for C:\Users\arnev\Desktop\Evaluix2\VersionBeforeGithub\ExampleData\2024_0177_1_LMOKE_2024-08-09_13-53-45.txt successfully read.
2024-10-12 14:37:33,115 - FileLoader.FileLogger - DEBUG - log_message - Getting data from C:\Users\arnev\Desktop\Evaluix2\VersionBeforeGithub\ExampleData\2024_0177_1_LMOKE_2024-08-09_13-53-45.txt with data format MOKE.
2024-10-12 14:37:33,115 - FileLoader.FileLogger - DEBUG - log_message - Reading MOKE data from C:\Users\arnev\Desktop\Evaluix2\VersionBeforeGithub\ExampleData\2024_0177_1_LMOKE_2024-08-09_13-53-45.txt.
2024-10-12 14:37:33,120 - FileLoader.FileLogger - DEBUG - log_message - Initializing the data object.
2024-10-12 14:37:33,120 - FileLoader.FileLogger - INFO - log_message - Adding dataset with id 0 to the data dictionary.
2024-10-12 14:37:33,120 - FileLoader.FileLogger - DEBUG - log_message - Data successfully read from C:\Users\arnev\Desktop\Evaluix2\VersionBeforeGithub\ExampleData\2024_0177_1_LMOKE_2024-08-09_13-53-45.txt
2024-10-12 14:38:39,560 - FileLoader.FileLogger - INFO - log_message - Initializing the data dictionary.
2024-10-12 14:38:43,736 - FileLoader.FileLogger - INFO - log_message - Reading file or directory C:\Users\arnev\Desktop\Evaluix2\VersionBeforeGithub\ExampleData\2024_0177_1_LMOKE_2024-08-09_13-53-45.txt with data format MOKE
2024-10-12 14:38:43,736 - FileLoader.FileLogger - DEBUG - log_message - C:\Users\arnev\Desktop\Evaluix2\VersionBeforeGithub\ExampleData\2024_0177_1_LMOKE_2024-08-09_13-53-45.txt seems to be a file. Reading the file.
2024-10-12 14:38:43,736 - FileLoader.FileLogger - DEBUG - log_message - Getting metadata for C:\Users\arnev\Desktop\Evaluix2\VersionBeforeGithub\ExampleData\2024_0177_1_LMOKE_2024-08-09_13-53-45.txt with data format MOKE.
2024-10-12 14:38:43,736 - FileLoader.FileLogger - DEBUG - log_message - Metadata for C:\Users\arnev\Desktop\Evaluix2\VersionBeforeGithub\ExampleData\2024_0177_1_LMOKE_2024-08-09_13-53-45.txt successfully read.
2024-10-12 14:38:43,736 - FileLoader.FileLogger - DEBUG - log_message - Getting data from C:\Users\arnev\Desktop\Evaluix2\VersionBeforeGithub\ExampleData\2024_0177_1_LMOKE_2024-08-09_13-53-45.txt with data format MOKE.
2024-10-12 14:38:43,736 - FileLoader.FileLogger - DEBUG - log_message - Reading MOKE data from C:\Users\arnev\Desktop\Evaluix2\VersionBeforeGithub\ExampleData\2024_0177_1_LMOKE_2024-08-09_13-53-45.txt.
2024-10-12 14:38:43,741 - FileLoader.FileLogger - DEBUG - log_message - Initializing the data object.
2024-10-12 14:38:43,741 - FileLoader.FileLogger - INFO - log_message - Adding dataset with id 0 to the data dictionary.
2024-10-12 14:38:43,741 - FileLoader.FileLogger - DEBUG - log_message - Data successfully read from C:\Users\arnev\Desktop\Evaluix2\VersionBeforeGithub\ExampleData\2024_0177_1_LMOKE_2024-08-09_13-53-45.txt
2024-10-12 14:38:45,887 - FileLoader.FileLogger - DEBUG - log_message - Adding log_mod_results with key 1 to the data object.
